<?xml version="1.0" encoding="UTF-8"?>
<testsuites name="jest tests" tests="135" failures="0" errors="0" time="29.746">
  <testsuite name="PUT /api/user/update/:id" errors="0" failures="0" skipped="0" timestamp="2024-10-10T20:47:59" time="8.84" tests="3">
    <testcase classname="PUT /api/user/update/:id 200 - should update a user by ID" name="PUT /api/user/update/:id 200 - should update a user by ID" time="0.081">
    </testcase>
    <testcase classname="PUT /api/user/update/:id 404 - should return user not found" name="PUT /api/user/update/:id 404 - should return user not found" time="0.017">
    </testcase>
    <testcase classname="PUT /api/user/update/:id 500 - should return internal server error" name="PUT /api/user/update/:id 500 - should return internal server error" time="0.021">
    </testcase>
  </testsuite>
  <testsuite name="GET /api/user/check_auth" errors="0" failures="0" skipped="0" timestamp="2024-10-10T20:47:59" time="9.327" tests="5">
    <testcase classname="GET /api/user/check_auth 200 - should return user data if token is valid" name="GET /api/user/check_auth 200 - should return user data if token is valid" time="0.051">
    </testcase>
    <testcase classname="GET /api/user/check_auth 401 - should return access denied if token is missing" name="GET /api/user/check_auth 401 - should return access denied if token is missing" time="0.009">
    </testcase>
    <testcase classname="GET /api/user/check_auth 404 - should return user not found if user does not exist" name="GET /api/user/check_auth 404 - should return user not found if user does not exist" time="0.01">
    </testcase>
    <testcase classname="GET /api/user/check_auth 500 - should return internal server error on exception" name="GET /api/user/check_auth 500 - should return internal server error on exception" time="0.014">
    </testcase>
    <testcase classname="GET /api/user/check_auth 500 - should return invalid signature if token is incorrect" name="GET /api/user/check_auth 500 - should return invalid signature if token is incorrect" time="0.008">
    </testcase>
  </testsuite>
  <testsuite name="PUT /api/payment/payment-details/:id" errors="0" failures="0" skipped="0" timestamp="2024-10-10T20:47:59" time="9.443" tests="3">
    <testcase classname="PUT /api/payment/payment-details/:id 404" name="PUT /api/payment/payment-details/:id 404" time="0.208">
    </testcase>
    <testcase classname="PUT /api/payment/payment-details/:id 200" name="PUT /api/payment/payment-details/:id 200" time="0.034">
    </testcase>
    <testcase classname="PUT /api/payment/payment-details/:id 500" name="PUT /api/payment/payment-details/:id 500" time="0.052">
    </testcase>
  </testsuite>
  <testsuite name="GET /api/user/all" errors="0" failures="0" skipped="0" timestamp="2024-10-10T20:47:59" time="9.788" tests="2">
    <testcase classname="GET /api/user/all 200 " name="GET /api/user/all 200 " time="0.098">
    </testcase>
    <testcase classname="GET /api/user/all 500 " name="GET /api/user/all 500 " time="0.024">
    </testcase>
  </testsuite>
  <testsuite name="DELETE /api/payment/payment-details/:id" errors="0" failures="0" skipped="0" timestamp="2024-10-10T20:47:59" time="9.936" tests="3">
    <testcase classname="DELETE /api/payment/payment-details/:id 404" name="DELETE /api/payment/payment-details/:id 404" time="0.079">
    </testcase>
    <testcase classname="DELETE /api/payment/payment-details/:id 204" name="DELETE /api/payment/payment-details/:id 204" time="0.037">
    </testcase>
    <testcase classname="DELETE /api/payment/payment-details/:id 500" name="DELETE /api/payment/payment-details/:id 500" time="0.111">
    </testcase>
  </testsuite>
  <testsuite name="POST /api/user/add" errors="0" failures="0" skipped="0" timestamp="2024-10-10T20:47:59" time="10.426" tests="2">
    <testcase classname="POST /api/user/add 201 created successfully" name="POST /api/user/add 201 created successfully" time="0.22">
    </testcase>
    <testcase classname="POST /api/user/add 500 " name="POST /api/user/add 500 " time="0.115">
    </testcase>
  </testsuite>
  <testsuite name="GET /api/article/:id" errors="0" failures="0" skipped="0" timestamp="2024-10-10T20:47:59" time="11.087" tests="5">
    <testcase classname="GET /api/article/:id getById - 200" name="GET /api/article/:id getById - 200" time="0.071">
    </testcase>
    <testcase classname="GET /api/article/:id getById - 404" name="GET /api/article/:id getById - 404" time="0.02">
    </testcase>
    <testcase classname="GET /api/article/:id getById - 500" name="GET /api/article/:id getById - 500" time="0.034">
    </testcase>
    <testcase classname="GET /api/article/ findAll - 200" name="GET /api/article/ findAll - 200" time="0.006">
    </testcase>
    <testcase classname="GET /api/article/ findAll - 500" name="GET /api/article/ findAll - 500" time="0.004">
    </testcase>
  </testsuite>
  <testsuite name="GET /api/review/:id" errors="0" failures="0" skipped="0" timestamp="2024-10-10T20:48:08" time="2.888" tests="3">
    <testcase classname="GET /api/review/:id 404" name="GET /api/review/:id 404" time="0.193">
    </testcase>
    <testcase classname="GET /api/review/:id 200" name="GET /api/review/:id 200" time="0.017">
    </testcase>
    <testcase classname="GET /api/review/:id 500" name="GET /api/review/:id 500" time="0.018">
    </testcase>
  </testsuite>
  <testsuite name="PUT /api/cartItem/cart-items/:id" errors="0" failures="0" skipped="0" timestamp="2024-10-10T20:48:09" time="2.71" tests="3">
    <testcase classname="PUT /api/cartItem/cart-items/:id 404" name="PUT /api/cartItem/cart-items/:id 404" time="0.062">
    </testcase>
    <testcase classname="PUT /api/cartItem/cart-items/:id 200" name="PUT /api/cartItem/cart-items/:id 200" time="0.097">
    </testcase>
    <testcase classname="PUT /api/cartItem/cart-items/:id 500" name="PUT /api/cartItem/cart-items/:id 500" time="0.113">
    </testcase>
  </testsuite>
  <testsuite name="DELETE /api/user/delete/:id" errors="0" failures="0" skipped="0" timestamp="2024-10-10T20:48:09" time="3.116" tests="3">
    <testcase classname="DELETE /api/user/delete/:id 404 - should return user not found" name="DELETE /api/user/delete/:id 404 - should return user not found" time="0.08">
    </testcase>
    <testcase classname="DELETE /api/user/delete/:id 200 - should delete a user by ID" name="DELETE /api/user/delete/:id 200 - should delete a user by ID" time="0.015">
    </testcase>
    <testcase classname="DELETE /api/user/delete/:id 500 - should return internal server error" name="DELETE /api/user/delete/:id 500 - should return internal server error" time="0.028">
    </testcase>
  </testsuite>
  <testsuite name="GET /api/cart" errors="0" failures="0" skipped="0" timestamp="2024-10-10T20:48:09" time="2.831" tests="3">
    <testcase classname="GET /api/cart 200" name="GET /api/cart 200" time="0.077">
    </testcase>
    <testcase classname="GET /api/cart 404" name="GET /api/cart 404" time="0.038">
    </testcase>
    <testcase classname="GET /api/cart 500" name="GET /api/cart 500" time="0.03">
    </testcase>
  </testsuite>
  <testsuite name="DELETE /api/review/:id" errors="0" failures="0" skipped="0" timestamp="2024-10-10T20:48:09" time="3.014" tests="3">
    <testcase classname="DELETE /api/review/:id 404" name="DELETE /api/review/:id 404" time="0.035">
    </testcase>
    <testcase classname="DELETE /api/review/:id 200" name="DELETE /api/review/:id 200" time="0.021">
    </testcase>
    <testcase classname="DELETE /api/review/:id 500" name="DELETE /api/review/:id 500" time="0.026">
    </testcase>
  </testsuite>
  <testsuite name="PUT /api/orderItem/order-items/:id" errors="0" failures="0" skipped="0" timestamp="2024-10-10T20:48:10" time="3.41" tests="3">
    <testcase classname="PUT /api/orderItem/order-items/:id 404 - Order item not found" name="PUT /api/orderItem/order-items/:id 404 - Order item not found" time="0.146">
    </testcase>
    <testcase classname="PUT /api/orderItem/order-items/:id 200 - Successfully updates order item" name="PUT /api/orderItem/order-items/:id 200 - Successfully updates order item" time="0.033">
    </testcase>
    <testcase classname="PUT /api/orderItem/order-items/:id 500 - Server error during update" name="PUT /api/orderItem/order-items/:id 500 - Server error during update" time="0.021">
    </testcase>
  </testsuite>
  <testsuite name="GET /api/order/orders" errors="0" failures="0" skipped="0" timestamp="2024-10-10T20:48:10" time="3.506" tests="3">
    <testcase classname="GET /api/order/orders 404" name="GET /api/order/orders 404" time="0.292">
    </testcase>
    <testcase classname="GET /api/order/orders 200" name="GET /api/order/orders 200" time="0.012">
    </testcase>
    <testcase classname="GET /api/order/orders 500" name="GET /api/order/orders 500" time="0.012">
    </testcase>
  </testsuite>
  <testsuite name="GET /api/order/orders/:id" errors="0" failures="0" skipped="0" timestamp="2024-10-10T20:48:11" time="2.725" tests="3">
    <testcase classname="GET /api/order/orders/:id 404" name="GET /api/order/orders/:id 404" time="0.26">
    </testcase>
    <testcase classname="GET /api/order/orders/:id 200" name="GET /api/order/orders/:id 200" time="0.022">
    </testcase>
    <testcase classname="GET /api/order/orders/:id 500" name="GET /api/order/orders/:id 500" time="0.016">
    </testcase>
  </testsuite>
  <testsuite name="POST /api/review" errors="0" failures="0" skipped="0" timestamp="2024-10-10T20:48:12" time="3.311" tests="2">
    <testcase classname="POST /api/review 201" name="POST /api/review 201" time="0.359">
    </testcase>
    <testcase classname="POST /api/review 500" name="POST /api/review 500" time="0.037">
    </testcase>
  </testsuite>
  <testsuite name="DELETE /api/article/:id" errors="0" failures="0" skipped="0" timestamp="2024-10-10T20:48:12" time="3.249" tests="5">
    <testcase classname="DELETE /api/article/:id deleteById - 404" name="DELETE /api/article/:id deleteById - 404" time="0.03">
    </testcase>
    <testcase classname="DELETE /api/article/:id deleteById - 403" name="DELETE /api/article/:id deleteById - 403" time="0.024">
    </testcase>
    <testcase classname="DELETE /api/article/:id deleteById - 200" name="DELETE /api/article/:id deleteById - 200" time="0.041">
    </testcase>
    <testcase classname="DELETE /api/article/:id deleteById - 404" name="DELETE /api/article/:id deleteById - 404" time="0.031">
    </testcase>
    <testcase classname="DELETE /api/article/:id deleteById - 500" name="DELETE /api/article/:id deleteById - 500" time="0.018">
    </testcase>
  </testsuite>
  <testsuite name="POST /api/user/sign" errors="0" failures="0" skipped="0" timestamp="2024-10-10T20:48:12" time="3.407" tests="4">
    <testcase classname="POST /api/user/sign 404" name="POST /api/user/sign 404" time="0.028">
    </testcase>
    <testcase classname="POST /api/user/sign 501" name="POST /api/user/sign 501" time="0.027">
    </testcase>
    <testcase classname="POST /api/user/sign 400" name="POST /api/user/sign 400" time="0.016">
    </testcase>
    <testcase classname="POST /api/user/sign 200" name="POST /api/user/sign 200" time="0.19">
    </testcase>
  </testsuite>
  <testsuite name="GET /api/orderItem/order-items/:id" errors="0" failures="0" skipped="0" timestamp="2024-10-10T20:48:12" time="3.247" tests="3">
    <testcase classname="GET /api/orderItem/order-items/:id 404" name="GET /api/orderItem/order-items/:id 404" time="0.037">
    </testcase>
    <testcase classname="GET /api/orderItem/order-items/:id 200" name="GET /api/orderItem/order-items/:id 200" time="0.043">
    </testcase>
    <testcase classname="GET /api/orderItem/order-items/:id 500 - Server error while retrieving the order item" name="GET /api/orderItem/order-items/:id 500 - Server error while retrieving the order item" time="0.028">
    </testcase>
  </testsuite>
  <testsuite name="DELETE /api/cartItem/cart-items/:id" errors="0" failures="0" skipped="0" timestamp="2024-10-10T20:48:13" time="3.663" tests="3">
    <testcase classname="DELETE /api/cartItem/cart-items/:id 404" name="DELETE /api/cartItem/cart-items/:id 404" time="0.036">
    </testcase>
    <testcase classname="DELETE /api/cartItem/cart-items/:id 500" name="DELETE /api/cartItem/cart-items/:id 500" time="0.117">
    </testcase>
    <testcase classname="DELETE /api/cartItem/cart-items/:id 204" name="DELETE /api/cartItem/cart-items/:id 204" time="0.052">
    </testcase>
  </testsuite>
  <testsuite name="POST /api/orderItem/order-items" errors="0" failures="0" skipped="0" timestamp="2024-10-10T20:48:14" time="3.695" tests="4">
    <testcase classname="POST /api/orderItem/order-items 400 " name="POST /api/orderItem/order-items 400 " time="0.025">
    </testcase>
    <testcase classname="POST /api/orderItem/order-items 403 " name="POST /api/orderItem/order-items 403 " time="0.104">
    </testcase>
    <testcase classname="POST /api/orderItem/order-items 201" name="POST /api/orderItem/order-items 201" time="0.018">
    </testcase>
    <testcase classname="POST /api/orderItem/order-items 500" name="POST /api/orderItem/order-items 500" time="0.032">
    </testcase>
  </testsuite>
  <testsuite name="GET /api/cartItem/cart-items" errors="0" failures="0" skipped="0" timestamp="2024-10-10T20:48:14" time="4.33" tests="2">
    <testcase classname="GET /api/cartItem/cart-items 200" name="GET /api/cartItem/cart-items 200" time="0.38">
    </testcase>
    <testcase classname="GET /api/cartItem/cart-items 500" name="GET /api/cartItem/cart-items 500" time="0.01">
    </testcase>
  </testsuite>
  <testsuite name="PUT /api/cart/cart" errors="0" failures="0" skipped="0" timestamp="2024-10-10T20:48:16" time="3.261" tests="4">
    <testcase classname="PUT /api/cart/cart 400 " name="PUT /api/cart/cart 400 " time="0.019">
    </testcase>
    <testcase classname="PUT /api/cart/cart 404 " name="PUT /api/cart/cart 404 " time="0.012">
    </testcase>
    <testcase classname="PUT /api/cart/cart 200 " name="PUT /api/cart/cart 200 " time="0.017">
    </testcase>
    <testcase classname="PUT /api/cart/cart 500 " name="PUT /api/cart/cart 500 " time="0.014">
    </testcase>
  </testsuite>
  <testsuite name="DELETE /api/order/orders/:id" errors="0" failures="0" skipped="0" timestamp="2024-10-10T20:48:15" time="3.418" tests="3">
    <testcase classname="DELETE /api/order/orders/:id 404" name="DELETE /api/order/orders/:id 404" time="0.015">
    </testcase>
    <testcase classname="DELETE /api/order/orders/:id 200" name="DELETE /api/order/orders/:id 200" time="0.016">
    </testcase>
    <testcase classname="DELETE /api/order/orders/:id 500" name="DELETE /api/order/orders/:id 500" time="0.016">
    </testcase>
  </testsuite>
  <testsuite name="POST /api/cartItem/cart-items" errors="0" failures="0" skipped="0" timestamp="2024-10-10T20:48:15" time="3.899" tests="4">
    <testcase classname="POST /api/cartItem/cart-items 201 already have Cart" name="POST /api/cartItem/cart-items 201 already have Cart" time="0.151">
    </testcase>
    <testcase classname="POST /api/cartItem/cart-items 201 For first Cart" name="POST /api/cartItem/cart-items 201 For first Cart" time="0.034">
    </testcase>
    <testcase classname="POST /api/cartItem/cart-items 200 " name="POST /api/cartItem/cart-items 200 " time="0.051">
    </testcase>
    <testcase classname="POST /api/cartItem/cart-items 500" name="POST /api/cartItem/cart-items 500" time="0.023">
    </testcase>
  </testsuite>
  <testsuite name="POST /api/order/orders" errors="0" failures="0" skipped="0" timestamp="2024-10-10T20:48:16" time="3.154" tests="3">
    <testcase classname="POST /api/order/orders 400" name="POST /api/order/orders 400" time="0.034">
    </testcase>
    <testcase classname="POST /api/order/orders 201" name="POST /api/order/orders 201" time="0.026">
    </testcase>
    <testcase classname="POST /api/order/orders 500" name="POST /api/order/orders 500" time="0.017">
    </testcase>
  </testsuite>
  <testsuite name="GET /api/cartItem/cart-items/:id" errors="0" failures="0" skipped="0" timestamp="2024-10-10T20:48:17" time="3.019" tests="3">
    <testcase classname="GET /api/cartItem/cart-items/:id 200" name="GET /api/cartItem/cart-items/:id 200" time="0.211">
    </testcase>
    <testcase classname="GET /api/cartItem/cart-items/:id 404" name="GET /api/cartItem/cart-items/:id 404" time="0.014">
    </testcase>
    <testcase classname="GET /api/cartItem/cart-items/:id 500" name="GET /api/cartItem/cart-items/:id 500" time="0.007">
    </testcase>
  </testsuite>
  <testsuite name="DELETE /api/categorie/:id" errors="0" failures="0" skipped="0" timestamp="2024-10-10T20:48:19" time="2.362" tests="3">
    <testcase classname="DELETE /api/categorie/:id 200 " name="DELETE /api/categorie/:id 200 " time="0.012">
    </testcase>
    <testcase classname="DELETE /api/categorie/:id 404 " name="DELETE /api/categorie/:id 404 " time="0.006">
    </testcase>
    <testcase classname="DELETE /api/categorie/:id 500 " name="DELETE /api/categorie/:id 500 " time="0.008">
    </testcase>
  </testsuite>
  <testsuite name="PUT /api/article/:id" errors="0" failures="0" skipped="0" timestamp="2024-10-10T20:48:18" time="3.655" tests="4">
    <testcase classname="PUT /api/article/:id 200 " name="PUT /api/article/:id 200 " time="0.51">
    </testcase>
    <testcase classname="PUT /api/article/:id 404 " name="PUT /api/article/:id 404 " time="0.015">
    </testcase>
    <testcase classname="PUT /api/article/:id 403 " name="PUT /api/article/:id 403 " time="0.016">
    </testcase>
    <testcase classname="PUT /api/article/:id 500 " name="PUT /api/article/:id 500 " time="0.017">
    </testcase>
  </testsuite>
  <testsuite name="POST /api/article" errors="0" failures="0" skipped="0" timestamp="2024-10-10T20:48:18" time="3.226" tests="3">
    <testcase classname="POST /api/article 201 " name="POST /api/article 201 " time="0.513">
    </testcase>
    <testcase classname="POST /api/article 404 " name="POST /api/article 404 " time="0.033">
    </testcase>
    <testcase classname="POST /api/article 500" name="POST /api/article 500" time="0.036">
    </testcase>
  </testsuite>
  <testsuite name="PUT /api/order/orders/:id" errors="0" failures="0" skipped="0" timestamp="2024-10-10T20:48:19" time="3.304" tests="3">
    <testcase classname="PUT /api/order/orders/:id 404" name="PUT /api/order/orders/:id 404" time="0.067">
    </testcase>
    <testcase classname="PUT /api/order/orders/:id 200" name="PUT /api/order/orders/:id 200" time="0.019">
    </testcase>
    <testcase classname="PUT /api/order/orders/:id 500" name="PUT /api/order/orders/:id 500" time="0.011">
    </testcase>
  </testsuite>
  <testsuite name="PUT /api/review" errors="0" failures="0" skipped="0" timestamp="2024-10-10T20:48:19" time="3.355" tests="3">
    <testcase classname="PUT /api/review 404" name="PUT /api/review 404" time="0.023">
    </testcase>
    <testcase classname="PUT /api/review 200" name="PUT /api/review 200" time="0.019">
    </testcase>
    <testcase classname="PUT /api/review 500" name="PUT /api/review 500" time="0.028">
    </testcase>
  </testsuite>
  <testsuite name="DELETE /api/orderItem/order-items/:id" errors="0" failures="0" skipped="0" timestamp="2024-10-10T20:48:19" time="4.029" tests="3">
    <testcase classname="DELETE /api/orderItem/order-items/:id 404" name="DELETE /api/orderItem/order-items/:id 404" time="0.018">
    </testcase>
    <testcase classname="DELETE /api/orderItem/order-items/:id 500 - Should handle server error during deletion" name="DELETE /api/orderItem/order-items/:id 500 - Should handle server error during deletion" time="0.014">
    </testcase>
    <testcase classname="DELETE /api/orderItem/order-items/:id 200" name="DELETE /api/orderItem/order-items/:id 200" time="0.021">
    </testcase>
  </testsuite>
  <testsuite name="GET /api/orderItem/order-items" errors="0" failures="0" skipped="0" timestamp="2024-10-10T20:48:20" time="3.667" tests="2">
    <testcase classname="GET /api/orderItem/order-items 200" name="GET /api/orderItem/order-items 200" time="0.513">
    </testcase>
    <testcase classname="GET /api/orderItem/order-items 500" name="GET /api/orderItem/order-items 500" time="0.01">
    </testcase>
  </testsuite>
  <testsuite name="POST /api/payment/payment-details" errors="0" failures="0" skipped="0" timestamp="2024-10-10T20:48:21" time="3.026" tests="3">
    <testcase classname="POST /api/payment/payment-details 400" name="POST /api/payment/payment-details 400" time="0.01">
    </testcase>
    <testcase classname="POST /api/payment/payment-details 201" name="POST /api/payment/payment-details 201" time="0.05">
    </testcase>
    <testcase classname="POST /api/payment/payment-details 500" name="POST /api/payment/payment-details 500" time="0.052">
    </testcase>
  </testsuite>
  <testsuite name="DELETE /api/cart" errors="0" failures="0" skipped="0" timestamp="2024-10-10T20:48:22" time="2.797" tests="3">
    <testcase classname="DELETE /api/cart 204" name="DELETE /api/cart 204" time="0.08">
    </testcase>
    <testcase classname="DELETE /api/cart 404" name="DELETE /api/cart 404" time="0.017">
    </testcase>
    <testcase classname="DELETE /api/cart 500" name="DELETE /api/cart 500" time="0.03">
    </testcase>
  </testsuite>
  <testsuite name="GET /api/payment/payment-details/:id" errors="0" failures="0" skipped="0" timestamp="2024-10-10T20:48:22" time="3.62" tests="3">
    <testcase classname="GET /api/payment/payment-details/:id 404" name="GET /api/payment/payment-details/:id 404" time="0.021">
    </testcase>
    <testcase classname="GET /api/payment/payment-details/:id 200" name="GET /api/payment/payment-details/:id 200" time="0.015">
    </testcase>
    <testcase classname="GET /api/payment/payment-details/:id 500" name="GET /api/payment/payment-details/:id 500" time="0.03">
    </testcase>
  </testsuite>
  <testsuite name="PUT /api/categorie/:id" errors="0" failures="0" skipped="0" timestamp="2024-10-10T20:48:22" time="3.103" tests="3">
    <testcase classname="PUT /api/categorie/:id 200 - should update a category by ID" name="PUT /api/categorie/:id 200 - should update a category by ID" time="0.026">
    </testcase>
    <testcase classname="PUT /api/categorie/:id 404 - should return category not found if ID does not exist" name="PUT /api/categorie/:id 404 - should return category not found if ID does not exist" time="0.014">
    </testcase>
    <testcase classname="PUT /api/categorie/:id 500 - should return internal server error on exception" name="PUT /api/categorie/:id 500 - should return internal server error on exception" time="0.014">
    </testcase>
  </testsuite>
  <testsuite name="GET /api/review" errors="0" failures="0" skipped="0" timestamp="2024-10-10T20:48:22" time="3.737" tests="2">
    <testcase classname="GET /api/review 200" name="GET /api/review 200" time="0.016">
    </testcase>
    <testcase classname="GET /api/review 500" name="GET /api/review 500" time="0.012">
    </testcase>
  </testsuite>
  <testsuite name="GET /api/payment/payment-details" errors="0" failures="0" skipped="0" timestamp="2024-10-10T20:48:23" time="3.362" tests="2">
    <testcase classname="GET /api/payment/payment-details 200" name="GET /api/payment/payment-details 200" time="0.014">
    </testcase>
    <testcase classname="GET /api/payment/payment-details 500" name="GET /api/payment/payment-details 500" time="0.007">
    </testcase>
  </testsuite>
  <testsuite name="GET /api/categorie/" errors="0" failures="0" skipped="0" timestamp="2024-10-10T20:48:24" time="2.511" tests="2">
    <testcase classname="GET /api/categorie/ 200 - should return all categories" name="GET /api/categorie/ 200 - should return all categories" time="0.01">
    </testcase>
    <testcase classname="GET /api/categorie/ 500 - should return internal server error" name="GET /api/categorie/ 500 - should return internal server error" time="0.007">
    </testcase>
  </testsuite>
  <testsuite name="GET /api/user/get/:id" errors="0" failures="0" skipped="0" timestamp="2024-10-10T20:48:25" time="2.09" tests="3">
    <testcase classname="GET /api/user/get/:id 200 - should return a user by ID" name="GET /api/user/get/:id 200 - should return a user by ID" time="0.009">
    </testcase>
    <testcase classname="GET /api/user/get/:id 404 - should return user not found" name="GET /api/user/get/:id 404 - should return user not found" time="0.006">
    </testcase>
    <testcase classname="GET /api/user/get/:id 500 - should return internal server error" name="GET /api/user/get/:id 500 - should return internal server error" time="0.004">
    </testcase>
  </testsuite>
  <testsuite name="GET /api/categorie/:id" errors="0" failures="0" skipped="0" timestamp="2024-10-10T20:48:25" time="2.464" tests="3">
    <testcase classname="GET /api/categorie/:id 200 - should return a category by ID" name="GET /api/categorie/:id 200 - should return a category by ID" time="0.015">
    </testcase>
    <testcase classname="GET /api/categorie/:id 404 - should return category not found" name="GET /api/categorie/:id 404 - should return category not found" time="0.009">
    </testcase>
    <testcase classname="GET /api/categorie/:id 500 - should return internal server error" name="GET /api/categorie/:id 500 - should return internal server error" time="0.008">
    </testcase>
  </testsuite>
  <testsuite name="POST /api/categorie" errors="0" failures="0" skipped="0" timestamp="2024-10-10T20:48:25" time="3.053" tests="3">
    <testcase classname="POST /api/categorie 201 " name="POST /api/categorie 201 " time="0.012">
    </testcase>
    <testcase classname="POST /api/categorie 400 " name="POST /api/categorie 400 " time="0.004">
    </testcase>
    <testcase classname="POST /api/categorie 500 " name="POST /api/categorie 500 " time="0.004">
    </testcase>
  </testsuite>
</testsuites>