<?xml version="1.0" encoding="UTF-8"?>
<testsuites name="jest tests" tests="16" failures="0" errors="0" time="12.028">
  <testsuite name="undefined" errors="0" failures="0" skipped="0" timestamp="2024-09-23T07:59:48" time="2.053" tests="1">
    <testcase classname=" test trivial qui réussit toujours 2" name=" test trivial qui réussit toujours 2" time="0.011">
    </testcase>
  </testsuite>
  <testsuite name="POST /api/article" errors="0" failures="0" skipped="0" timestamp="2024-09-23T07:59:48" time="10.936" tests="4">
    <testcase classname="POST /api/article add - 201 should create a new article" name="POST /api/article add - 201 should create a new article" time="0.099">
    </testcase>
    <testcase classname="POST /api/article add - 404 should return error if user not found" name="POST /api/article add - 404 should return error if user not found" time="0.095">
    </testcase>
    <testcase classname="POST /api/article add - 404 should return error if category not found" name="POST /api/article add - 404 should return error if category not found" time="0.019">
    </testcase>
    <testcase classname="POST /api/article add - 500 should return error if server error" name="POST /api/article add - 500 should return error if server error" time="0.015">
    </testcase>
  </testsuite>
  <testsuite name="DELETE /api/article/:id" errors="0" failures="0" skipped="0" timestamp="2024-09-23T07:59:48" time="10.931" tests="6">
    <testcase classname="DELETE /api/article/:id deleteById - 404" name="DELETE /api/article/:id deleteById - 404" time="0.071">
    </testcase>
    <testcase classname="DELETE /api/article/:id deleteById - 403" name="DELETE /api/article/:id deleteById - 403" time="0.014">
    </testcase>
    <testcase classname="DELETE /api/article/:id deleteById - 200" name="DELETE /api/article/:id deleteById - 200" time="0.118">
    </testcase>
    <testcase classname="DELETE /api/article/:id deleteById - 404" name="DELETE /api/article/:id deleteById - 404" time="0.016">
    </testcase>
    <testcase classname="DELETE /api/article/:id deleteById - 500" name="DELETE /api/article/:id deleteById - 500" time="0.011">
    </testcase>
    <testcase classname="DELETE /api/article/:id deleteById - 501" name="DELETE /api/article/:id deleteById - 501" time="0.008">
    </testcase>
  </testsuite>
  <testsuite name="GET /api/article/:id" errors="0" failures="0" skipped="0" timestamp="2024-09-23T07:59:48" time="11.473" tests="5">
    <testcase classname="GET /api/article/:id getById - 200" name="GET /api/article/:id getById - 200" time="0.077">
    </testcase>
    <testcase classname="GET /api/article/:id getById - 404" name="GET /api/article/:id getById - 404" time="0.011">
    </testcase>
    <testcase classname="GET /api/article/:id getById - 500" name="GET /api/article/:id getById - 500" time="0.01">
    </testcase>
    <testcase classname="GET /api/article/ findAll - 200" name="GET /api/article/ findAll - 200" time="0.008">
    </testcase>
    <testcase classname="GET /api/article/ findAll - 500" name="GET /api/article/ findAll - 500" time="0.007">
    </testcase>
  </testsuite>
</testsuites>