<?xml version="1.0" encoding="UTF-8"?>
<testsuites name="jest tests" tests="83" failures="0" errors="0" time="31.498">
  <testsuite name="GET /api/cartItem/cart-items/:id" errors="0" failures="0" skipped="0" timestamp="2024-09-26T20:45:06" time="9.313" tests="3">
    <testcase classname="GET /api/cartItem/cart-items/:id 200" name="GET /api/cartItem/cart-items/:id 200" time="0.093">
    </testcase>
    <testcase classname="GET /api/cartItem/cart-items/:id 404" name="GET /api/cartItem/cart-items/:id 404" time="0.022">
    </testcase>
    <testcase classname="GET /api/cartItem/cart-items/:id 500" name="GET /api/cartItem/cart-items/:id 500" time="0.017">
    </testcase>
  </testsuite>
  <testsuite name="POST /api/article" errors="0" failures="0" skipped="0" timestamp="2024-09-26T20:45:06" time="9.733" tests="4">
    <testcase classname="POST /api/article 201 " name="POST /api/article 201 " time="0.124">
    </testcase>
    <testcase classname="POST /api/article 404 " name="POST /api/article 404 " time="0.018">
    </testcase>
    <testcase classname="POST /api/article  404" name="POST /api/article  404" time="0.019">
    </testcase>
    <testcase classname="POST /api/article 500" name="POST /api/article 500" time="0.027">
    </testcase>
  </testsuite>
  <testsuite name="PUT /api/article/:id" errors="0" failures="0" skipped="0" timestamp="2024-09-26T20:45:06" time="9.698" tests="4">
    <testcase classname="PUT /api/article/:id 200 " name="PUT /api/article/:id 200 " time="0.151">
    </testcase>
    <testcase classname="PUT /api/article/:id 404 " name="PUT /api/article/:id 404 " time="0.028">
    </testcase>
    <testcase classname="PUT /api/article/:id 403 " name="PUT /api/article/:id 403 " time="0.014">
    </testcase>
    <testcase classname="PUT /api/article/:id 500 " name="PUT /api/article/:id 500 " time="0.046">
    </testcase>
  </testsuite>
  <testsuite name="DELETE /api/article/:id" errors="0" failures="0" skipped="0" timestamp="2024-09-26T20:45:06" time="9.881" tests="6">
    <testcase classname="DELETE /api/article/:id deleteById - 404" name="DELETE /api/article/:id deleteById - 404" time="0.119">
    </testcase>
    <testcase classname="DELETE /api/article/:id deleteById - 403" name="DELETE /api/article/:id deleteById - 403" time="0.024">
    </testcase>
    <testcase classname="DELETE /api/article/:id deleteById - 200" name="DELETE /api/article/:id deleteById - 200" time="0.063">
    </testcase>
    <testcase classname="DELETE /api/article/:id deleteById - 404" name="DELETE /api/article/:id deleteById - 404" time="0.021">
    </testcase>
    <testcase classname="DELETE /api/article/:id deleteById - 500" name="DELETE /api/article/:id deleteById - 500" time="0.03">
    </testcase>
    <testcase classname="DELETE /api/article/:id deleteById - 501" name="DELETE /api/article/:id deleteById - 501" time="0.022">
    </testcase>
  </testsuite>
  <testsuite name="POST /api/cartItem/cart-items" errors="0" failures="0" skipped="0" timestamp="2024-09-26T20:45:06" time="10.928" tests="4">
    <testcase classname="POST /api/cartItem/cart-items 201 already have Cart" name="POST /api/cartItem/cart-items 201 already have Cart" time="0.356">
    </testcase>
    <testcase classname="POST /api/cartItem/cart-items 201 For first Cart" name="POST /api/cartItem/cart-items 201 For first Cart" time="0.047">
    </testcase>
    <testcase classname="POST /api/cartItem/cart-items 200 " name="POST /api/cartItem/cart-items 200 " time="0.068">
    </testcase>
    <testcase classname="POST /api/cartItem/cart-items 500" name="POST /api/cartItem/cart-items 500" time="0.07">
    </testcase>
  </testsuite>
  <testsuite name="GET /api/article/:id" errors="0" failures="0" skipped="0" timestamp="2024-09-26T20:45:06" time="11.869" tests="5">
    <testcase classname="GET /api/article/:id getById - 200" name="GET /api/article/:id getById - 200" time="0.131">
    </testcase>
    <testcase classname="GET /api/article/:id getById - 404" name="GET /api/article/:id getById - 404" time="0.019">
    </testcase>
    <testcase classname="GET /api/article/:id getById - 500" name="GET /api/article/:id getById - 500" time="0.019">
    </testcase>
    <testcase classname="GET /api/article/ findAll - 200" name="GET /api/article/ findAll - 200" time="0.023">
    </testcase>
    <testcase classname="GET /api/article/ findAll - 500" name="GET /api/article/ findAll - 500" time="0.023">
    </testcase>
  </testsuite>
  <testsuite name="POST /api/user/sign" errors="0" failures="0" skipped="0" timestamp="2024-09-26T20:45:06" time="12.937" tests="4">
    <testcase classname="POST /api/user/sign 404" name="POST /api/user/sign 404" time="0.101">
    </testcase>
    <testcase classname="POST /api/user/sign 501" name="POST /api/user/sign 501" time="0.023">
    </testcase>
    <testcase classname="POST /api/user/sign 400" name="POST /api/user/sign 400" time="0.036">
    </testcase>
    <testcase classname="POST /api/user/sign 200" name="POST /api/user/sign 200" time="0.142">
    </testcase>
  </testsuite>
  <testsuite name="PUT /api/cart/cart" errors="0" failures="0" skipped="0" timestamp="2024-09-26T20:45:16" time="3.678" tests="4">
    <testcase classname="PUT /api/cart/cart 400 " name="PUT /api/cart/cart 400 " time="0.038">
    </testcase>
    <testcase classname="PUT /api/cart/cart 404 " name="PUT /api/cart/cart 404 " time="0.035">
    </testcase>
    <testcase classname="PUT /api/cart/cart 200 " name="PUT /api/cart/cart 200 " time="0.016">
    </testcase>
    <testcase classname="PUT /api/cart/cart 500 " name="PUT /api/cart/cart 500 " time="0.014">
    </testcase>
  </testsuite>
  <testsuite name="GET /api/cartItem/cart-items/:id" errors="0" failures="0" skipped="0" timestamp="2024-09-26T20:45:15" time="4.726" tests="3">
    <testcase classname="GET /api/cartItem/cart-items/:id 404" name="GET /api/cartItem/cart-items/:id 404" time="0.027">
    </testcase>
    <testcase classname="GET /api/cartItem/cart-items/:id 500" name="GET /api/cartItem/cart-items/:id 500" time="0.01">
    </testcase>
    <testcase classname="GET /api/cartItem/cart-items/:id 204" name="GET /api/cartItem/cart-items/:id 204" time="0.03">
    </testcase>
  </testsuite>
  <testsuite name="PUT /api/user/update/:id" errors="0" failures="0" skipped="0" timestamp="2024-09-26T20:45:16" time="4.442" tests="3">
    <testcase classname="PUT /api/user/update/:id 200 - should update a user by ID" name="PUT /api/user/update/:id 200 - should update a user by ID" time="0.042">
    </testcase>
    <testcase classname="PUT /api/user/update/:id 404 - should return user not found" name="PUT /api/user/update/:id 404 - should return user not found" time="0.016">
    </testcase>
    <testcase classname="PUT /api/user/update/:id 500 - should return internal server error" name="PUT /api/user/update/:id 500 - should return internal server error" time="0.015">
    </testcase>
  </testsuite>
  <testsuite name="GET /api/cart" errors="0" failures="0" skipped="0" timestamp="2024-09-26T20:45:16" time="4.922" tests="3">
    <testcase classname="GET /api/cart 201 - first cart" name="GET /api/cart 201 - first cart" time="0.029">
    </testcase>
    <testcase classname="GET /api/cart 200 - cart already exist" name="GET /api/cart 200 - cart already exist" time="0.049">
    </testcase>
    <testcase classname="GET /api/cart 500 - create error" name="GET /api/cart 500 - create error" time="0.011">
    </testcase>
  </testsuite>
  <testsuite name="POST /api/user/add" errors="0" failures="0" skipped="0" timestamp="2024-09-26T20:45:17" time="5.645" tests="2">
    <testcase classname="POST /api/user/add 201 created successfully" name="POST /api/user/add 201 created successfully" time="0.201">
    </testcase>
    <testcase classname="POST /api/user/add 500 " name="POST /api/user/add 500 " time="0.216">
    </testcase>
  </testsuite>
  <testsuite name="GET /api/user/all" errors="0" failures="0" skipped="0" timestamp="2024-09-26T20:45:18" time="5.411" tests="2">
    <testcase classname="GET /api/user/all 200 " name="GET /api/user/all 200 " time="0.079">
    </testcase>
    <testcase classname="GET /api/user/all 500 " name="GET /api/user/all 500 " time="0.016">
    </testcase>
  </testsuite>
  <testsuite name="DELETE /api/user/delete/:id" errors="0" failures="0" skipped="0" timestamp="2024-09-26T20:45:19" time="6.306" tests="3">
    <testcase classname="DELETE /api/user/delete/:id 404 - should return user not found" name="DELETE /api/user/delete/:id 404 - should return user not found" time="0.09">
    </testcase>
    <testcase classname="DELETE /api/user/delete/:id 200 - should delete a user by ID" name="DELETE /api/user/delete/:id 200 - should delete a user by ID" time="0.043">
    </testcase>
    <testcase classname="DELETE /api/user/delete/:id 500 - should return internal server error" name="DELETE /api/user/delete/:id 500 - should return internal server error" time="0.02">
    </testcase>
  </testsuite>
  <testsuite name="GET /api/cartItem/cart-items" errors="0" failures="0" skipped="0" timestamp="2024-09-26T20:45:20" time="6.475" tests="2">
    <testcase classname="GET /api/cartItem/cart-items 200" name="GET /api/cartItem/cart-items 200" time="0.025">
    </testcase>
    <testcase classname="GET /api/cartItem/cart-items 500" name="GET /api/cartItem/cart-items 500" time="0.014">
    </testcase>
  </testsuite>
  <testsuite name="GET /api/user/check_auth" errors="0" failures="0" skipped="0" timestamp="2024-09-26T20:45:20" time="6.498" tests="5">
    <testcase classname="GET /api/user/check_auth 200 - should return user data if token is valid" name="GET /api/user/check_auth 200 - should return user data if token is valid" time="0.056">
    </testcase>
    <testcase classname="GET /api/user/check_auth 401 - should return access denied if token is missing" name="GET /api/user/check_auth 401 - should return access denied if token is missing" time="0.009">
    </testcase>
    <testcase classname="GET /api/user/check_auth 404 - should return user not found if user does not exist" name="GET /api/user/check_auth 404 - should return user not found if user does not exist" time="0.027">
    </testcase>
    <testcase classname="GET /api/user/check_auth 500 - should return internal server error on exception" name="GET /api/user/check_auth 500 - should return internal server error on exception" time="0.021">
    </testcase>
    <testcase classname="GET /api/user/check_auth 500 - should return invalid signature if token is incorrect" name="GET /api/user/check_auth 500 - should return invalid signature if token is incorrect" time="0.018">
    </testcase>
  </testsuite>
  <testsuite name="GET /api/user/get/:id" errors="0" failures="0" skipped="0" timestamp="2024-09-26T20:45:21" time="6.564" tests="3">
    <testcase classname="GET /api/user/get/:id 200 - should return a user by ID" name="GET /api/user/get/:id 200 - should return a user by ID" time="0.019">
    </testcase>
    <testcase classname="GET /api/user/get/:id 404 - should return user not found" name="GET /api/user/get/:id 404 - should return user not found" time="0.015">
    </testcase>
    <testcase classname="GET /api/user/get/:id 500 - should return internal server error" name="GET /api/user/get/:id 500 - should return internal server error" time="0.011">
    </testcase>
  </testsuite>
  <testsuite name="POST /api/categorie" errors="0" failures="0" skipped="0" timestamp="2024-09-26T20:45:21" time="7.273" tests="3">
    <testcase classname="POST /api/categorie 201 " name="POST /api/categorie 201 " time="0.037">
    </testcase>
    <testcase classname="POST /api/categorie 400 " name="POST /api/categorie 400 " time="0.031">
    </testcase>
    <testcase classname="POST /api/categorie 500 " name="POST /api/categorie 500 " time="0.019">
    </testcase>
  </testsuite>
  <testsuite name="GET /api/cart" errors="0" failures="0" skipped="0" timestamp="2024-09-26T20:45:24" time="8.578" tests="3">
    <testcase classname="GET /api/cart 200" name="GET /api/cart 200" time="0.172">
    </testcase>
    <testcase classname="GET /api/cart 404" name="GET /api/cart 404" time="0.093">
    </testcase>
    <testcase classname="GET /api/cart 500" name="GET /api/cart 500" time="0.015">
    </testcase>
  </testsuite>
  <testsuite name="DELETE /api/categorie/:id" errors="0" failures="0" skipped="0" timestamp="2024-09-26T20:45:26" time="8.443" tests="3">
    <testcase classname="DELETE /api/categorie/:id 200 " name="DELETE /api/categorie/:id 200 " time="0.058">
    </testcase>
    <testcase classname="DELETE /api/categorie/:id 404 " name="DELETE /api/categorie/:id 404 " time="0.035">
    </testcase>
    <testcase classname="DELETE /api/categorie/:id 500 " name="DELETE /api/categorie/:id 500 " time="0.046">
    </testcase>
  </testsuite>
  <testsuite name="GET /api/categorie/:id" errors="0" failures="0" skipped="0" timestamp="2024-09-26T20:45:27" time="7.904" tests="3">
    <testcase classname="GET /api/categorie/:id 200 - should return a category by ID" name="GET /api/categorie/:id 200 - should return a category by ID" time="0.019">
    </testcase>
    <testcase classname="GET /api/categorie/:id 404 - should return category not found" name="GET /api/categorie/:id 404 - should return category not found" time="0.009">
    </testcase>
    <testcase classname="GET /api/categorie/:id 500 - should return internal server error" name="GET /api/categorie/:id 500 - should return internal server error" time="0.033">
    </testcase>
  </testsuite>
  <testsuite name="PUT /api/categorie/:id" errors="0" failures="0" skipped="0" timestamp="2024-09-26T20:45:28" time="7.587" tests="3">
    <testcase classname="PUT /api/categorie/:id 200 - should update a category by ID" name="PUT /api/categorie/:id 200 - should update a category by ID" time="0.026">
    </testcase>
    <testcase classname="PUT /api/categorie/:id 404 - should return category not found if ID does not exist" name="PUT /api/categorie/:id 404 - should return category not found if ID does not exist" time="0.012">
    </testcase>
    <testcase classname="PUT /api/categorie/:id 500 - should return internal server error on exception" name="PUT /api/categorie/:id 500 - should return internal server error on exception" time="0.015">
    </testcase>
  </testsuite>
  <testsuite name="GET /api/cart" errors="0" failures="0" skipped="0" timestamp="2024-09-26T20:45:27" time="9.106" tests="3">
    <testcase classname="GET /api/cart 204" name="GET /api/cart 204" time="0.042">
    </testcase>
    <testcase classname="GET /api/cart 404" name="GET /api/cart 404" time="0.014">
    </testcase>
    <testcase classname="GET /api/cart 500" name="GET /api/cart 500" time="0.011">
    </testcase>
  </testsuite>
  <testsuite name="GET /api/cartItem/cart-items/:id" errors="0" failures="0" skipped="0" timestamp="2024-09-26T20:45:23" time="13.308" tests="3">
    <testcase classname="GET /api/cartItem/cart-items/:id 404" name="GET /api/cartItem/cart-items/:id 404" time="0.037">
    </testcase>
    <testcase classname="GET /api/cartItem/cart-items/:id 200" name="GET /api/cartItem/cart-items/:id 200" time="0.115">
    </testcase>
    <testcase classname="GET /api/cartItem/cart-items/:id 500" name="GET /api/cartItem/cart-items/:id 500" time="0.037">
    </testcase>
  </testsuite>
  <testsuite name="GET /api/categorie/" errors="0" failures="0" skipped="0" timestamp="2024-09-26T20:45:28" time="8.222" tests="2">
    <testcase classname="GET /api/categorie/ 200 - should return all categories" name="GET /api/categorie/ 200 - should return all categories" time="0.013">
    </testcase>
    <testcase classname="GET /api/categorie/ 500 - should return internal server error" name="GET /api/categorie/ 500 - should return internal server error" time="0.006">
    </testcase>
  </testsuite>
</testsuites>