<?xml version="1.0" encoding="UTF-8"?>
<testsuites name="jest tests" tests="3" failures="0" errors="0" time="2.93">
  <testsuite name="GET /api/cart" errors="0" failures="0" skipped="0" timestamp="2024-09-25T21:44:37" time="2.868" tests="3">
    <testcase classname="GET /api/cart 204" name="GET /api/cart 204" time="0.027">
    </testcase>
    <testcase classname="GET /api/cart 404" name="GET /api/cart 404" time="0.007">
    </testcase>
    <testcase classname="GET /api/cart 500" name="GET /api/cart 500" time="0.004">
    </testcase>
  </testsuite>
</testsuites>