<?xml version="1.0" encoding="UTF-8"?>
<testsuites name="jest tests" tests="106" failures="0" errors="0" time="99.181">
  <testsuite name="DELETE /api/article/:id" errors="0" failures="0" skipped="0" timestamp="2024-09-30T13:11:29" time="26.749" tests="5">
    <testcase classname="DELETE /api/article/:id deleteById - 404" name="DELETE /api/article/:id deleteById - 404" time="0.134">
    </testcase>
    <testcase classname="DELETE /api/article/:id deleteById - 403" name="DELETE /api/article/:id deleteById - 403" time="0.011">
    </testcase>
    <testcase classname="DELETE /api/article/:id deleteById - 200" name="DELETE /api/article/:id deleteById - 200" time="0.02">
    </testcase>
    <testcase classname="DELETE /api/article/:id deleteById - 404" name="DELETE /api/article/:id deleteById - 404" time="0.01">
    </testcase>
    <testcase classname="DELETE /api/article/:id deleteById - 500" name="DELETE /api/article/:id deleteById - 500" time="0.009">
    </testcase>
  </testsuite>
  <testsuite name="POST /api/article" errors="0" failures="0" skipped="0" timestamp="2024-09-30T13:11:29" time="27" tests="4">
    <testcase classname="POST /api/article 201 " name="POST /api/article 201 " time="0.401">
    </testcase>
    <testcase classname="POST /api/article 404 " name="POST /api/article 404 " time="0.015">
    </testcase>
    <testcase classname="POST /api/article  404" name="POST /api/article  404" time="0.015">
    </testcase>
    <testcase classname="POST /api/article 500" name="POST /api/article 500" time="0.018">
    </testcase>
  </testsuite>
  <testsuite name="DELETE /api/user/delete/:id" errors="0" failures="0" skipped="0" timestamp="2024-09-30T13:11:30" time="28.012" tests="3">
    <testcase classname="DELETE /api/user/delete/:id 404 - should return user not found" name="DELETE /api/user/delete/:id 404 - should return user not found" time="0.132">
    </testcase>
    <testcase classname="DELETE /api/user/delete/:id 200 - should delete a user by ID" name="DELETE /api/user/delete/:id 200 - should delete a user by ID" time="0.011">
    </testcase>
    <testcase classname="DELETE /api/user/delete/:id 500 - should return internal server error" name="DELETE /api/user/delete/:id 500 - should return internal server error" time="0.012">
    </testcase>
  </testsuite>
  <testsuite name="GET /api/cart" errors="0" failures="0" skipped="0" timestamp="2024-09-30T13:11:30" time="28.096" tests="3">
    <testcase classname="GET /api/cart 200" name="GET /api/cart 200" time="0.135">
    </testcase>
    <testcase classname="GET /api/cart 404" name="GET /api/cart 404" time="0.014">
    </testcase>
    <testcase classname="GET /api/cart 500" name="GET /api/cart 500" time="0.012">
    </testcase>
  </testsuite>
  <testsuite name="POST /api/categorie" errors="0" failures="0" skipped="0" timestamp="2024-09-30T13:11:56" time="12.644" tests="3">
    <testcase classname="POST /api/categorie 201 " name="POST /api/categorie 201 " time="0.426">
    </testcase>
    <testcase classname="POST /api/categorie 400 " name="POST /api/categorie 400 " time="0.012">
    </testcase>
    <testcase classname="POST /api/categorie 500 " name="POST /api/categorie 500 " time="0.012">
    </testcase>
  </testsuite>
  <testsuite name="GET /api/article/:id" errors="0" failures="0" skipped="0" timestamp="2024-09-30T13:11:57" time="13.02" tests="5">
    <testcase classname="GET /api/article/:id getById - 200" name="GET /api/article/:id getById - 200" time="0.027">
    </testcase>
    <testcase classname="GET /api/article/:id getById - 404" name="GET /api/article/:id getById - 404" time="0.017">
    </testcase>
    <testcase classname="GET /api/article/:id getById - 500" name="GET /api/article/:id getById - 500" time="0.018">
    </testcase>
    <testcase classname="GET /api/article/ findAll - 200" name="GET /api/article/ findAll - 200" time="0.013">
    </testcase>
    <testcase classname="GET /api/article/ findAll - 500" name="GET /api/article/ findAll - 500" time="0.008">
    </testcase>
  </testsuite>
  <testsuite name="POST /api/order/orders" errors="0" failures="0" skipped="0" timestamp="2024-09-30T13:11:58" time="12.211" tests="3">
    <testcase classname="POST /api/order/orders 400" name="POST /api/order/orders 400" time="0.307">
    </testcase>
    <testcase classname="POST /api/order/orders 201" name="POST /api/order/orders 201" time="0.012">
    </testcase>
    <testcase classname="POST /api/order/orders 500" name="POST /api/order/orders 500" time="0.009">
    </testcase>
  </testsuite>
  <testsuite name="PUT /api/article/:id" errors="0" failures="0" skipped="0" timestamp="2024-09-30T13:11:58" time="13.691" tests="4">
    <testcase classname="PUT /api/article/:id 200 " name="PUT /api/article/:id 200 " time="0.357">
    </testcase>
    <testcase classname="PUT /api/article/:id 404 " name="PUT /api/article/:id 404 " time="0.016">
    </testcase>
    <testcase classname="PUT /api/article/:id 403 " name="PUT /api/article/:id 403 " time="0.013">
    </testcase>
    <testcase classname="PUT /api/article/:id 500 " name="PUT /api/article/:id 500 " time="0.013">
    </testcase>
  </testsuite>
  <testsuite name="GET /api/user/all" errors="0" failures="0" skipped="0" timestamp="2024-09-30T13:12:10" time="12.46" tests="2">
    <testcase classname="GET /api/user/all 200 " name="GET /api/user/all 200 " time="0.017">
    </testcase>
    <testcase classname="GET /api/user/all 500 " name="GET /api/user/all 500 " time="0.01">
    </testcase>
  </testsuite>
  <testsuite name="GET /api/orderItem/order-items" errors="0" failures="0" skipped="0" timestamp="2024-09-30T13:12:10" time="12.648" tests="2">
    <testcase classname="GET /api/orderItem/order-items 200" name="GET /api/orderItem/order-items 200" time="0.025">
    </testcase>
    <testcase classname="GET /api/orderItem/order-items 500" name="GET /api/orderItem/order-items 500" time="0.009">
    </testcase>
  </testsuite>
  <testsuite name="PUT /api/cart/cart" errors="0" failures="0" skipped="0" timestamp="2024-09-30T13:12:09" time="13.929" tests="4">
    <testcase classname="PUT /api/cart/cart 400 " name="PUT /api/cart/cart 400 " time="0.124">
    </testcase>
    <testcase classname="PUT /api/cart/cart 404 " name="PUT /api/cart/cart 404 " time="0.015">
    </testcase>
    <testcase classname="PUT /api/cart/cart 200 " name="PUT /api/cart/cart 200 " time="0.023">
    </testcase>
    <testcase classname="PUT /api/cart/cart 500 " name="PUT /api/cart/cart 500 " time="0.01">
    </testcase>
  </testsuite>
  <testsuite name="DELETE /api/order/orders/:id" errors="0" failures="0" skipped="0" timestamp="2024-09-30T13:11:31" time="52.627" tests="3">
    <testcase classname="DELETE /api/order/orders/:id 404" name="DELETE /api/order/orders/:id 404" time="0.363">
    </testcase>
    <testcase classname="DELETE /api/order/orders/:id 200" name="DELETE /api/order/orders/:id 200" time="0.014">
    </testcase>
    <testcase classname="DELETE /api/order/orders/:id 500" name="DELETE /api/order/orders/:id 500" time="0.01">
    </testcase>
  </testsuite>
  <testsuite name="GET /api/categorie/:id" errors="0" failures="0" skipped="0" timestamp="2024-09-30T13:12:12" time="13.595" tests="3">
    <testcase classname="GET /api/categorie/:id 200 - should return a category by ID" name="GET /api/categorie/:id 200 - should return a category by ID" time="0.013">
    </testcase>
    <testcase classname="GET /api/categorie/:id 404 - should return category not found" name="GET /api/categorie/:id 404 - should return category not found" time="0.012">
    </testcase>
    <testcase classname="GET /api/categorie/:id 500 - should return internal server error" name="GET /api/categorie/:id 500 - should return internal server error" time="0.009">
    </testcase>
  </testsuite>
  <testsuite name="GET /api/orderItem/order-items/:id" errors="0" failures="0" skipped="0" timestamp="2024-09-30T13:11:31" time="54.552" tests="3">
    <testcase classname="GET /api/orderItem/order-items/:id 404" name="GET /api/orderItem/order-items/:id 404" time="0.357">
    </testcase>
    <testcase classname="GET /api/orderItem/order-items/:id 200" name="GET /api/orderItem/order-items/:id 200" time="0.011">
    </testcase>
    <testcase classname="GET /api/orderItem/order-items/:id 500" name="GET /api/orderItem/order-items/:id 500" time="0.013">
    </testcase>
  </testsuite>
  <testsuite name="GET /api/cartItem/cart-items/:id" errors="0" failures="0" skipped="0" timestamp="2024-09-30T13:12:22" time="13.483" tests="3">
    <testcase classname="GET /api/cartItem/cart-items/:id 404" name="GET /api/cartItem/cart-items/:id 404" time="0.019">
    </testcase>
    <testcase classname="GET /api/cartItem/cart-items/:id 200" name="GET /api/cartItem/cart-items/:id 200" time="0.15">
    </testcase>
    <testcase classname="GET /api/cartItem/cart-items/:id 500" name="GET /api/cartItem/cart-items/:id 500" time="0.009">
    </testcase>
  </testsuite>
  <testsuite name="GET /api/cartItem/cart-items" errors="0" failures="0" skipped="0" timestamp="2024-09-30T13:12:23" time="13.622" tests="2">
    <testcase classname="GET /api/cartItem/cart-items 200" name="GET /api/cartItem/cart-items 200" time="0.016">
    </testcase>
    <testcase classname="GET /api/cartItem/cart-items 500" name="GET /api/cartItem/cart-items 500" time="0.011">
    </testcase>
  </testsuite>
  <testsuite name="GET /api/categorie/" errors="0" failures="0" skipped="0" timestamp="2024-09-30T13:12:23" time="13.979" tests="2">
    <testcase classname="GET /api/categorie/ 200 - should return all categories" name="GET /api/categorie/ 200 - should return all categories" time="0.046">
    </testcase>
    <testcase classname="GET /api/categorie/ 500 - should return internal server error" name="GET /api/categorie/ 500 - should return internal server error" time="0.018">
    </testcase>
  </testsuite>
  <testsuite name="POST /api/orderItem/order-items" errors="0" failures="0" skipped="0" timestamp="2024-09-30T13:12:23" time="15.036" tests="4">
    <testcase classname="POST /api/orderItem/order-items 400 " name="POST /api/orderItem/order-items 400 " time="0.154">
    </testcase>
    <testcase classname="POST /api/orderItem/order-items 403 " name="POST /api/orderItem/order-items 403 " time="0.034">
    </testcase>
    <testcase classname="POST /api/orderItem/order-items 201" name="POST /api/orderItem/order-items 201" time="0.02">
    </testcase>
    <testcase classname="POST /api/orderItem/order-items 500" name="POST /api/orderItem/order-items 500" time="0.011">
    </testcase>
  </testsuite>
  <testsuite name="GET /api/cart" errors="0" failures="0" skipped="0" timestamp="2024-09-30T13:12:25" time="14.952" tests="3">
    <testcase classname="GET /api/cart 204" name="GET /api/cart 204" time="0.014">
    </testcase>
    <testcase classname="GET /api/cart 404" name="GET /api/cart 404" time="0.009">
    </testcase>
    <testcase classname="GET /api/cart 500" name="GET /api/cart 500" time="0.006">
    </testcase>
  </testsuite>
  <testsuite name="GET /api/cartItem/cart-items/:id" errors="0" failures="0" skipped="0" timestamp="2024-09-30T13:12:26" time="16.265" tests="3">
    <testcase classname="GET /api/cartItem/cart-items/:id 200" name="GET /api/cartItem/cart-items/:id 200" time="0.016">
    </testcase>
    <testcase classname="GET /api/cartItem/cart-items/:id 404" name="GET /api/cartItem/cart-items/:id 404" time="0.01">
    </testcase>
    <testcase classname="GET /api/cartItem/cart-items/:id 500" name="GET /api/cartItem/cart-items/:id 500" time="0.006">
    </testcase>
  </testsuite>
  <testsuite name="POST /api/user/add" errors="0" failures="0" skipped="0" timestamp="2024-09-30T13:11:31" time="77.871" tests="2">
    <testcase classname="POST /api/user/add 201 created successfully" name="POST /api/user/add 201 created successfully" time="0.788">
    </testcase>
    <testcase classname="POST /api/user/add 500 " name="POST /api/user/add 500 " time="0.181">
    </testcase>
  </testsuite>
  <testsuite name="GET /api/cartItem/cart-items/:id" errors="0" failures="0" skipped="0" timestamp="2024-09-30T13:12:37" time="14.314" tests="3">
    <testcase classname="GET /api/cartItem/cart-items/:id 404" name="GET /api/cartItem/cart-items/:id 404" time="0.015">
    </testcase>
    <testcase classname="GET /api/cartItem/cart-items/:id 500" name="GET /api/cartItem/cart-items/:id 500" time="0.012">
    </testcase>
    <testcase classname="GET /api/cartItem/cart-items/:id 204" name="GET /api/cartItem/cart-items/:id 204" time="0.032">
    </testcase>
  </testsuite>
  <testsuite name="GET /api/cart" errors="0" failures="0" skipped="0" timestamp="2024-09-30T13:12:36" time="15.409" tests="3">
    <testcase classname="GET /api/cart 201 - first cart" name="GET /api/cart 201 - first cart" time="0.025">
    </testcase>
    <testcase classname="GET /api/cart 200 - cart already exist" name="GET /api/cart 200 - cart already exist" time="0.012">
    </testcase>
    <testcase classname="GET /api/cart 500 - create error" name="GET /api/cart 500 - create error" time="0.012">
    </testcase>
  </testsuite>
  <testsuite name="GET /api/order/orders/:id" errors="0" failures="0" skipped="0" timestamp="2024-09-30T13:12:37" time="14.346" tests="3">
    <testcase classname="GET /api/order/orders/:id 404" name="GET /api/order/orders/:id 404" time="0.02">
    </testcase>
    <testcase classname="GET /api/order/orders/:id 200" name="GET /api/order/orders/:id 200" time="0.015">
    </testcase>
    <testcase classname="GET /api/order/orders/:id 500" name="GET /api/order/orders/:id 500" time="0.008">
    </testcase>
  </testsuite>
  <testsuite name="GET /api/user/get/:id" errors="0" failures="0" skipped="0" timestamp="2024-09-30T13:12:38" time="14.143" tests="3">
    <testcase classname="GET /api/user/get/:id 200 - should return a user by ID" name="GET /api/user/get/:id 200 - should return a user by ID" time="0.01">
    </testcase>
    <testcase classname="GET /api/user/get/:id 404 - should return user not found" name="GET /api/user/get/:id 404 - should return user not found" time="0.006">
    </testcase>
    <testcase classname="GET /api/user/get/:id 500 - should return internal server error" name="GET /api/user/get/:id 500 - should return internal server error" time="0.006">
    </testcase>
  </testsuite>
  <testsuite name="PUT /api/order/orders/:id" errors="0" failures="0" skipped="0" timestamp="2024-09-30T13:12:40" time="15.172" tests="3">
    <testcase classname="PUT /api/order/orders/:id 404" name="PUT /api/order/orders/:id 404" time="0.116">
    </testcase>
    <testcase classname="PUT /api/order/orders/:id 200" name="PUT /api/order/orders/:id 200" time="0.012">
    </testcase>
    <testcase classname="PUT /api/order/orders/:id 500" name="PUT /api/order/orders/:id 500" time="0.008">
    </testcase>
  </testsuite>
  <testsuite name="GET /api/user/check_auth" errors="0" failures="0" skipped="0" timestamp="2024-09-30T13:12:42" time="16.026" tests="5">
    <testcase classname="GET /api/user/check_auth 200 - should return user data if token is valid" name="GET /api/user/check_auth 200 - should return user data if token is valid" time="0.031">
    </testcase>
    <testcase classname="GET /api/user/check_auth 401 - should return access denied if token is missing" name="GET /api/user/check_auth 401 - should return access denied if token is missing" time="0.009">
    </testcase>
    <testcase classname="GET /api/user/check_auth 404 - should return user not found if user does not exist" name="GET /api/user/check_auth 404 - should return user not found if user does not exist" time="0.014">
    </testcase>
    <testcase classname="GET /api/user/check_auth 500 - should return internal server error on exception" name="GET /api/user/check_auth 500 - should return internal server error on exception" time="0.01">
    </testcase>
    <testcase classname="GET /api/user/check_auth 500 - should return invalid signature if token is incorrect" name="GET /api/user/check_auth 500 - should return invalid signature if token is incorrect" time="0.009">
    </testcase>
  </testsuite>
  <testsuite name="PUT /api/user/update/:id" errors="0" failures="0" skipped="0" timestamp="2024-09-30T13:12:49" time="13.742" tests="3">
    <testcase classname="PUT /api/user/update/:id 200 - should update a user by ID" name="PUT /api/user/update/:id 200 - should update a user by ID" time="0.133">
    </testcase>
    <testcase classname="PUT /api/user/update/:id 404 - should return user not found" name="PUT /api/user/update/:id 404 - should return user not found" time="0.01">
    </testcase>
    <testcase classname="PUT /api/user/update/:id 500 - should return internal server error" name="PUT /api/user/update/:id 500 - should return internal server error" time="0.009">
    </testcase>
  </testsuite>
  <testsuite name="DELETE /api/categorie/:id" errors="0" failures="0" skipped="0" timestamp="2024-09-30T13:12:52" time="11.613" tests="3">
    <testcase classname="DELETE /api/categorie/:id 200 " name="DELETE /api/categorie/:id 200 " time="0.015">
    </testcase>
    <testcase classname="DELETE /api/categorie/:id 404 " name="DELETE /api/categorie/:id 404 " time="0.011">
    </testcase>
    <testcase classname="DELETE /api/categorie/:id 500 " name="DELETE /api/categorie/:id 500 " time="0.007">
    </testcase>
  </testsuite>
  <testsuite name="POST /api/user/sign" errors="0" failures="0" skipped="0" timestamp="2024-09-30T13:12:51" time="12.449" tests="4">
    <testcase classname="POST /api/user/sign 404" name="POST /api/user/sign 404" time="0.106">
    </testcase>
    <testcase classname="POST /api/user/sign 501" name="POST /api/user/sign 501" time="0.006">
    </testcase>
    <testcase classname="POST /api/user/sign 400" name="POST /api/user/sign 400" time="0.005">
    </testcase>
    <testcase classname="POST /api/user/sign 200" name="POST /api/user/sign 200" time="0.116">
    </testcase>
  </testsuite>
  <testsuite name="POST /api/cartItem/cart-items" errors="0" failures="0" skipped="0" timestamp="2024-09-30T13:12:51" time="12.655" tests="4">
    <testcase classname="POST /api/cartItem/cart-items 201 already have Cart" name="POST /api/cartItem/cart-items 201 already have Cart" time="0.102">
    </testcase>
    <testcase classname="POST /api/cartItem/cart-items 201 For first Cart" name="POST /api/cartItem/cart-items 201 For first Cart" time="0.024">
    </testcase>
    <testcase classname="POST /api/cartItem/cart-items 200 " name="POST /api/cartItem/cart-items 200 " time="0.018">
    </testcase>
    <testcase classname="POST /api/cartItem/cart-items 500" name="POST /api/cartItem/cart-items 500" time="0.018">
    </testcase>
  </testsuite>
  <testsuite name="GET /api/order/orders" errors="0" failures="0" skipped="0" timestamp="2024-09-30T13:12:52" time="12.268" tests="3">
    <testcase classname="GET /api/order/orders 404" name="GET /api/order/orders 404" time="0.011">
    </testcase>
    <testcase classname="GET /api/order/orders 200" name="GET /api/order/orders 200" time="0.007">
    </testcase>
    <testcase classname="GET /api/order/orders 500" name="GET /api/order/orders 500" time="0.004">
    </testcase>
  </testsuite>
  <testsuite name="PUT /api/categorie/:id" errors="0" failures="0" skipped="0" timestamp="2024-09-30T13:12:56" time="10.362" tests="3">
    <testcase classname="PUT /api/categorie/:id 200 - should update a category by ID" name="PUT /api/categorie/:id 200 - should update a category by ID" time="0.035">
    </testcase>
    <testcase classname="PUT /api/categorie/:id 404 - should return category not found if ID does not exist" name="PUT /api/categorie/:id 404 - should return category not found if ID does not exist" time="0.003">
    </testcase>
    <testcase classname="PUT /api/categorie/:id 500 - should return internal server error on exception" name="PUT /api/categorie/:id 500 - should return internal server error on exception" time="0.003">
    </testcase>
  </testsuite>
</testsuites>