<?xml version="1.0" encoding="UTF-8"?>
<testsuites name="jest tests" tests="3" failures="0" errors="0" time="4.898">
  <testsuite name="POST /api/cartItem/cart-items" errors="0" failures="0" skipped="0" timestamp="2024-09-26T15:41:35" time="4.778" tests="3">
    <testcase classname="POST /api/cartItem/cart-items 201 " name="POST /api/cartItem/cart-items 201 " time="0.077">
    </testcase>
    <testcase classname="POST /api/cartItem/cart-items 200 " name="POST /api/cartItem/cart-items 200 " time="0.023">
    </testcase>
    <testcase classname="POST /api/cartItem/cart-items 500" name="POST /api/cartItem/cart-items 500" time="0.017">
    </testcase>
  </testsuite>
</testsuites>