<?xml version="1.0" encoding="UTF-8"?>
<testsuites name="jest tests" tests="113" failures="0" errors="0" time="43.441">
  <testsuite name="PUT /api/user/update/:id" errors="0" failures="0" skipped="0" timestamp="2024-11-28T09:39:47" time="18.071" tests="3">
    <testcase classname="PUT /api/user/update/:id 200 - should update a user by ID" name="PUT /api/user/update/:id 200 - should update a user by ID" time="0.112">
    </testcase>
    <testcase classname="PUT /api/user/update/:id 404 - should return user not found" name="PUT /api/user/update/:id 404 - should return user not found" time="0.017">
    </testcase>
    <testcase classname="PUT /api/user/update/:id 500 - should return internal server error" name="PUT /api/user/update/:id 500 - should return internal server error" time="0.016">
    </testcase>
  </testsuite>
  <testsuite name="POST /api/categorie" errors="0" failures="0" skipped="0" timestamp="2024-11-28T09:39:47" time="18.4" tests="3">
    <testcase classname="POST /api/categorie 201 - Success (Catégorie créée avec succès)" name="POST /api/categorie 201 - Success (Catégorie créée avec succès)" time="0.108">
    </testcase>
    <testcase classname="POST /api/categorie 400 - Bad Request (Données invalides)" name="POST /api/categorie 400 - Bad Request (Données invalides)" time="0.023">
    </testcase>
    <testcase classname="POST /api/categorie 500 - Internal Server Error" name="POST /api/categorie 500 - Internal Server Error" time="0.021">
    </testcase>
  </testsuite>
  <testsuite name="DELETE /api/article/:id" errors="0" failures="0" skipped="0" timestamp="2024-11-28T09:39:47" time="18.433" tests="4">
    <testcase classname="DELETE /api/article/:id deleteById - 404" name="DELETE /api/article/:id deleteById - 404" time="0.093">
    </testcase>
    <testcase classname="DELETE /api/article/:id deleteById - 200" name="DELETE /api/article/:id deleteById - 200" time="0.05">
    </testcase>
    <testcase classname="DELETE /api/article/:id deleteById - 404" name="DELETE /api/article/:id deleteById - 404" time="0.014">
    </testcase>
    <testcase classname="DELETE /api/article/:id deleteById - 500" name="DELETE /api/article/:id deleteById - 500" time="0.033">
    </testcase>
  </testsuite>
  <testsuite name="GET /api/article/:id" errors="0" failures="0" skipped="0" timestamp="2024-11-28T09:39:47" time="18.587" tests="5">
    <testcase classname="GET /api/article/:id getById - 200" name="GET /api/article/:id getById - 200" time="0.071">
    </testcase>
    <testcase classname="GET /api/article/:id getById - 404" name="GET /api/article/:id getById - 404" time="0.013">
    </testcase>
    <testcase classname="GET /api/article/:id getById - 500" name="GET /api/article/:id getById - 500" time="0.038">
    </testcase>
    <testcase classname="GET /api/article/ findAll - 200" name="GET /api/article/ findAll - 200" time="0.015">
    </testcase>
    <testcase classname="GET /api/article/ findAll - 500" name="GET /api/article/ findAll - 500" time="0.013">
    </testcase>
  </testsuite>
  <testsuite name="POST /api/user/add" errors="0" failures="0" skipped="0" timestamp="2024-11-28T09:39:47" time="18.627" tests="1">
    <testcase classname="POST /api/user/add 500 - Server error when creating user" name="POST /api/user/add 500 - Server error when creating user" time="0.283">
    </testcase>
  </testsuite>
  <testsuite name="POST /api/user/sign" errors="0" failures="0" skipped="0" timestamp="2024-11-28T09:39:47" time="18.63" tests="4">
    <testcase classname="POST /api/user/sign 404" name="POST /api/user/sign 404" time="0.078">
    </testcase>
    <testcase classname="POST /api/user/sign 501" name="POST /api/user/sign 501" time="0.046">
    </testcase>
    <testcase classname="POST /api/user/sign 400" name="POST /api/user/sign 400" time="0.018">
    </testcase>
    <testcase classname="POST /api/user/sign 200" name="POST /api/user/sign 200" time="0.181">
    </testcase>
  </testsuite>
  <testsuite name="GET /api/user/check_auth" errors="0" failures="0" skipped="0" timestamp="2024-11-28T09:39:47" time="18.676" tests="5">
    <testcase classname="GET /api/user/check_auth 200 - should return user data if token is valid" name="GET /api/user/check_auth 200 - should return user data if token is valid" time="0.093">
    </testcase>
    <testcase classname="GET /api/user/check_auth 401 - should return access denied if token is missing" name="GET /api/user/check_auth 401 - should return access denied if token is missing" time="0.01">
    </testcase>
    <testcase classname="GET /api/user/check_auth 404 - should return user not found if user does not exist" name="GET /api/user/check_auth 404 - should return user not found if user does not exist" time="0.025">
    </testcase>
    <testcase classname="GET /api/user/check_auth 500 - should return internal server error on exception" name="GET /api/user/check_auth 500 - should return internal server error on exception" time="0.017">
    </testcase>
    <testcase classname="GET /api/user/check_auth 500 - should return invalid signature if token is incorrect" name="GET /api/user/check_auth 500 - should return invalid signature if token is incorrect" time="0.017">
    </testcase>
  </testsuite>
  <testsuite name="GET /api/categorie/:id" errors="0" failures="0" skipped="0" timestamp="2024-11-28T09:40:06" time="3.448" tests="3">
    <testcase classname="GET /api/categorie/:id 200 - should return a category by ID" name="GET /api/categorie/:id 200 - should return a category by ID" time="0.025">
    </testcase>
    <testcase classname="GET /api/categorie/:id 404 - should return category not found" name="GET /api/categorie/:id 404 - should return category not found" time="0.011">
    </testcase>
    <testcase classname="GET /api/categorie/:id 500 - should return internal server error" name="GET /api/categorie/:id 500 - should return internal server error" time="0.013">
    </testcase>
  </testsuite>
  <testsuite name="POST /api/order/orders" errors="0" failures="0" skipped="0" timestamp="2024-11-28T09:40:06" time="4.411" tests="1">
    <testcase classname="POST /api/order/orders 400" name="POST /api/order/orders 400" time="0.625">
    </testcase>
  </testsuite>
  <testsuite name="PUT /api/categorie/:id" errors="0" failures="0" skipped="0" timestamp="2024-11-28T09:40:06" time="4.6" tests="3">
    <testcase classname="PUT /api/categorie/:id 404 - Not Found (Catégorie inexistante)" name="PUT /api/categorie/:id 404 - Not Found (Catégorie inexistante)" time="0.61">
    </testcase>
    <testcase classname="PUT /api/categorie/:id 200 - Success (Catégorie mise à jour avec succès)" name="PUT /api/categorie/:id 200 - Success (Catégorie mise à jour avec succès)" time="0.034">
    </testcase>
    <testcase classname="PUT /api/categorie/:id 500 - Internal Server Error" name="PUT /api/categorie/:id 500 - Internal Server Error" time="0.02">
    </testcase>
  </testsuite>
  <testsuite name="POST /api/orderItem/order-items" errors="0" failures="0" skipped="0" timestamp="2024-11-28T09:40:06" time="4.451" tests="4">
    <testcase classname="POST /api/orderItem/order-items 400 " name="POST /api/orderItem/order-items 400 " time="0.522">
    </testcase>
    <testcase classname="POST /api/orderItem/order-items 403 " name="POST /api/orderItem/order-items 403 " time="0.023">
    </testcase>
    <testcase classname="POST /api/orderItem/order-items 201" name="POST /api/orderItem/order-items 201" time="0.031">
    </testcase>
    <testcase classname="POST /api/orderItem/order-items 500" name="POST /api/orderItem/order-items 500" time="0.03">
    </testcase>
  </testsuite>
  <testsuite name="DELETE /api/categorie/:id" errors="0" failures="0" skipped="0" timestamp="2024-11-28T09:40:06" time="4.667" tests="4">
    <testcase classname="DELETE /api/categorie/:id 403 - Forbidden (Utilisateur sans autorisation)" name="DELETE /api/categorie/:id 403 - Forbidden (Utilisateur sans autorisation)" time="0.556">
    </testcase>
    <testcase classname="DELETE /api/categorie/:id 404 - Not Found (Catégorie inexistante)" name="DELETE /api/categorie/:id 404 - Not Found (Catégorie inexistante)" time="0.035">
    </testcase>
    <testcase classname="DELETE /api/categorie/:id 200 - Success (Catégorie supprimée avec succès)" name="DELETE /api/categorie/:id 200 - Success (Catégorie supprimée avec succès)" time="0.032">
    </testcase>
    <testcase classname="DELETE /api/categorie/:id 500 - Internal Server Error" name="DELETE /api/categorie/:id 500 - Internal Server Error" time="0.016">
    </testcase>
  </testsuite>
  <testsuite name="POST /api/cartItem/cart-items" errors="0" failures="0" skipped="0" timestamp="2024-11-28T09:40:05" time="5.069" tests="4">
    <testcase classname="POST /api/cartItem/cart-items 201 already have Cart" name="POST /api/cartItem/cart-items 201 already have Cart" time="0.592">
    </testcase>
    <testcase classname="POST /api/cartItem/cart-items 201 For first Cart" name="POST /api/cartItem/cart-items 201 For first Cart" time="0.041">
    </testcase>
    <testcase classname="POST /api/cartItem/cart-items 200 " name="POST /api/cartItem/cart-items 200 " time="0.051">
    </testcase>
    <testcase classname="POST /api/cartItem/cart-items 500" name="POST /api/cartItem/cart-items 500" time="0.023">
    </testcase>
  </testsuite>
  <testsuite name="GET /api/user/get/:id" errors="0" failures="0" skipped="0" timestamp="2024-11-28T09:40:06" time="5.052" tests="3">
    <testcase classname="GET /api/user/get/:id 200 - should return a user by ID" name="GET /api/user/get/:id 200 - should return a user by ID" time="0.023">
    </testcase>
    <testcase classname="GET /api/user/get/:id 404 - should return user not found" name="GET /api/user/get/:id 404 - should return user not found" time="0.008">
    </testcase>
    <testcase classname="GET /api/user/get/:id 500 - should return internal server error" name="GET /api/user/get/:id 500 - should return internal server error" time="0.007">
    </testcase>
  </testsuite>
  <testsuite name="PUT /api/article/:id" errors="0" failures="0" skipped="0" timestamp="2024-11-28T09:40:09" time="4.79" tests="3">
    <testcase classname="PUT /api/article/:id 200 " name="PUT /api/article/:id 200 " time="0.042">
    </testcase>
    <testcase classname="PUT /api/article/:id 404 " name="PUT /api/article/:id 404 " time="0.023">
    </testcase>
    <testcase classname="PUT /api/article/:id 500 " name="PUT /api/article/:id 500 " time="0.021">
    </testcase>
  </testsuite>
  <testsuite name="GET /api/categorie/" errors="0" failures="0" skipped="0" timestamp="2024-11-28T09:40:10" time="3.95" tests="2">
    <testcase classname="GET /api/categorie/ 200 - should return all categories" name="GET /api/categorie/ 200 - should return all categories" time="0.008">
    </testcase>
    <testcase classname="GET /api/categorie/ 500 - should return internal server error" name="GET /api/categorie/ 500 - should return internal server error" time="0.004">
    </testcase>
  </testsuite>
  <testsuite name="GET /api/order/orders" errors="0" failures="0" skipped="0" timestamp="2024-11-28T09:40:10" time="3.969" tests="3">
    <testcase classname="GET /api/order/orders 404" name="GET /api/order/orders 404" time="0.847">
    </testcase>
    <testcase classname="GET /api/order/orders 200" name="GET /api/order/orders 200" time="0.038">
    </testcase>
    <testcase classname="GET /api/order/orders 500" name="GET /api/order/orders 500" time="0.039">
    </testcase>
  </testsuite>
  <testsuite name="PUT /api/review/:id" errors="0" failures="0" skipped="0" timestamp="2024-11-28T09:40:10" time="3.999" tests="3">
    <testcase classname="PUT /api/review/:id 403 - Non autorisé (autre utilisateur)" name="PUT /api/review/:id 403 - Non autorisé (autre utilisateur)" time="0.829">
    </testcase>
    <testcase classname="PUT /api/review/:id 200 - Mise à jour réussie par le créateur" name="PUT /api/review/:id 200 - Mise à jour réussie par le créateur" time="0.064">
    </testcase>
    <testcase classname="PUT /api/review/:id 500 - Erreur serveur" name="PUT /api/review/:id 500 - Erreur serveur" time="0.021">
    </testcase>
  </testsuite>
  <testsuite name="PUT /api/cart/cart" errors="0" failures="0" skipped="0" timestamp="2024-11-28T09:40:10" time="4.35" tests="4">
    <testcase classname="PUT /api/cart/cart 400 " name="PUT /api/cart/cart 400 " time="0.024">
    </testcase>
    <testcase classname="PUT /api/cart/cart 404 " name="PUT /api/cart/cart 404 " time="0.014">
    </testcase>
    <testcase classname="PUT /api/cart/cart 200 " name="PUT /api/cart/cart 200 " time="0.027">
    </testcase>
    <testcase classname="PUT /api/cart/cart 500 " name="PUT /api/cart/cart 500 " time="0.017">
    </testcase>
  </testsuite>
  <testsuite name="GET /api/orderItem/order-items/:id" errors="0" failures="0" skipped="0" timestamp="2024-11-28T09:40:11" time="4.222" tests="1">
    <testcase classname="GET /api/orderItem/order-items/:id 404" name="GET /api/orderItem/order-items/:id 404" time="0.048">
    </testcase>
  </testsuite>
  <testsuite name="GET /api/order/orders/:id" errors="0" failures="0" skipped="0" timestamp="2024-11-28T09:40:10" time="4.964" tests="3">
    <testcase classname="GET /api/order/orders/:id 404 - Order not found" name="GET /api/order/orders/:id 404 - Order not found" time="0.066">
    </testcase>
    <testcase classname="GET /api/order/orders/:id 200 - Successful order retrieval" name="GET /api/order/orders/:id 200 - Successful order retrieval" time="0.021">
    </testcase>
    <testcase classname="GET /api/order/orders/:id 500 - Server error simulated during order retrieval" name="GET /api/order/orders/:id 500 - Server error simulated during order retrieval" time="0.022">
    </testcase>
  </testsuite>
  <testsuite name="GET /api/cart" errors="0" failures="0" skipped="0" timestamp="2024-11-28T09:40:14" time="4.401" tests="3">
    <testcase classname="GET /api/cart 200" name="GET /api/cart 200" time="0.007">
    </testcase>
    <testcase classname="GET /api/cart 404" name="GET /api/cart 404" time="0.005">
    </testcase>
    <testcase classname="GET /api/cart 500" name="GET /api/cart 500" time="0.141">
    </testcase>
  </testsuite>
  <testsuite name="POST /api/payment/payment-details" errors="0" failures="0" skipped="0" timestamp="2024-11-28T09:40:14" time="4.261" tests="1">
    <testcase classname="POST /api/payment/payment-details 400" name="POST /api/payment/payment-details 400" time="0.134">
    </testcase>
  </testsuite>
  <testsuite name="POST /api/article" errors="0" failures="0" skipped="0" timestamp="2024-11-28T09:40:14" time="4.679" tests="2">
    <testcase classname="POST /api/article 201 " name="POST /api/article 201 " time="0.078">
    </testcase>
    <testcase classname="POST /api/article 500" name="POST /api/article 500" time="0.029">
    </testcase>
  </testsuite>
  <testsuite name="DELETE /api/orderItem/order-items/:id" errors="0" failures="0" skipped="0" timestamp="2024-11-28T09:40:14" time="5.773" tests="1">
    <testcase classname="DELETE /api/orderItem/order-items/:id 404" name="DELETE /api/orderItem/order-items/:id 404" time="0.043">
    </testcase>
  </testsuite>
  <testsuite name="DELETE /api/order/orders/:id" errors="0" failures="0" skipped="0" timestamp="2024-11-28T09:40:15" time="5.447" tests="1">
    <testcase classname="DELETE /api/order/orders/:id 404" name="DELETE /api/order/orders/:id 404" time="0.327">
    </testcase>
  </testsuite>
  <testsuite name="PUT /api/payment/payment-details/:id" errors="0" failures="0" skipped="0" timestamp="2024-11-28T09:40:15" time="5.137" tests="3">
    <testcase classname="PUT /api/payment/payment-details/:id 404" name="PUT /api/payment/payment-details/:id 404" time="0.037">
    </testcase>
    <testcase classname="PUT /api/payment/payment-details/:id 200" name="PUT /api/payment/payment-details/:id 200" time="0.033">
    </testcase>
    <testcase classname="PUT /api/payment/payment-details/:id 500" name="PUT /api/payment/payment-details/:id 500" time="0.024">
    </testcase>
  </testsuite>
  <testsuite name="GET /api/cartItem/cart-items/:id" errors="0" failures="0" skipped="0" timestamp="2024-11-28T09:40:15" time="5.693" tests="3">
    <testcase classname="GET /api/cartItem/cart-items/:id 200" name="GET /api/cartItem/cart-items/:id 200" time="0.051">
    </testcase>
    <testcase classname="GET /api/cartItem/cart-items/:id 404" name="GET /api/cartItem/cart-items/:id 404" time="0.032">
    </testcase>
    <testcase classname="GET /api/cartItem/cart-items/:id 500" name="GET /api/cartItem/cart-items/:id 500" time="0.02">
    </testcase>
  </testsuite>
  <testsuite name="DELETE /api/user/delete/:id" errors="0" failures="0" skipped="0" timestamp="2024-11-28T09:40:18" time="5.599" tests="3">
    <testcase classname="DELETE /api/user/delete/:id 404 - should return user not found" name="DELETE /api/user/delete/:id 404 - should return user not found" time="0.546">
    </testcase>
    <testcase classname="DELETE /api/user/delete/:id 200 - should delete a user by ID" name="DELETE /api/user/delete/:id 200 - should delete a user by ID" time="0.008">
    </testcase>
    <testcase classname="DELETE /api/user/delete/:id 500 - should return internal server error" name="DELETE /api/user/delete/:id 500 - should return internal server error" time="0.004">
    </testcase>
  </testsuite>
  <testsuite name="PUT /api/cartItem/cart-items/:id" errors="0" failures="0" skipped="0" timestamp="2024-11-28T09:40:19" time="5.766" tests="3">
    <testcase classname="PUT /api/cartItem/cart-items/:id 404" name="PUT /api/cartItem/cart-items/:id 404" time="0.025">
    </testcase>
    <testcase classname="PUT /api/cartItem/cart-items/:id 200" name="PUT /api/cartItem/cart-items/:id 200" time="0.054">
    </testcase>
    <testcase classname="PUT /api/cartItem/cart-items/:id 500" name="PUT /api/cartItem/cart-items/:id 500" time="0.056">
    </testcase>
  </testsuite>
  <testsuite name="DELETE /api/cart" errors="0" failures="0" skipped="0" timestamp="2024-11-28T09:40:18" time="6.105" tests="3">
    <testcase classname="DELETE /api/cart 204" name="DELETE /api/cart 204" time="0.027">
    </testcase>
    <testcase classname="DELETE /api/cart 404" name="DELETE /api/cart 404" time="0.018">
    </testcase>
    <testcase classname="DELETE /api/cart 500" name="DELETE /api/cart 500" time="0.062">
    </testcase>
  </testsuite>
  <testsuite name="DELETE /api/payment/payment-details/:id" errors="0" failures="0" skipped="0" timestamp="2024-11-28T09:40:20" time="4.615" tests="3">
    <testcase classname="DELETE /api/payment/payment-details/:id 404" name="DELETE /api/payment/payment-details/:id 404" time="0.078">
    </testcase>
    <testcase classname="DELETE /api/payment/payment-details/:id 204" name="DELETE /api/payment/payment-details/:id 204" time="0.039">
    </testcase>
    <testcase classname="DELETE /api/payment/payment-details/:id 500" name="DELETE /api/payment/payment-details/:id 500" time="0.037">
    </testcase>
  </testsuite>
  <testsuite name="GET /api/user/all" errors="0" failures="0" skipped="0" timestamp="2024-11-28T09:40:20" time="4.884" tests="2">
    <testcase classname="GET /api/user/all 200 " name="GET /api/user/all 200 " time="0.021">
    </testcase>
    <testcase classname="GET /api/user/all 500 " name="GET /api/user/all 500 " time="0.007">
    </testcase>
  </testsuite>
  <testsuite name="GET /api/cartItem/cart-items" errors="0" failures="0" skipped="0" timestamp="2024-11-28T09:40:21" time="5.214" tests="2">
    <testcase classname="GET /api/cartItem/cart-items 200" name="GET /api/cartItem/cart-items 200" time="0.027">
    </testcase>
    <testcase classname="GET /api/cartItem/cart-items 500" name="GET /api/cartItem/cart-items 500" time="0.025">
    </testcase>
  </testsuite>
  <testsuite name="POST /api/review" errors="0" failures="0" skipped="0" timestamp="2024-11-28T09:40:21" time="5.851" tests="2">
    <testcase classname="POST /api/review 201" name="POST /api/review 201" time="0.041">
    </testcase>
    <testcase classname="POST /api/review 500" name="POST /api/review 500" time="0.053">
    </testcase>
  </testsuite>
  <testsuite name="DELETE /api/review/:id" errors="0" failures="0" skipped="0" timestamp="2024-11-28T09:40:25" time="3.931" tests="2">
    <testcase classname="DELETE /api/review/:id 200" name="DELETE /api/review/:id 200" time="0.024">
    </testcase>
    <testcase classname="DELETE /api/review/:id 500" name="DELETE /api/review/:id 500" time="0.017">
    </testcase>
  </testsuite>
  <testsuite name="GET /api/payment/payment-details/:id" errors="0" failures="0" skipped="0" timestamp="2024-11-28T09:40:25" time="4.07" tests="3">
    <testcase classname="GET /api/payment/payment-details/:id 404" name="GET /api/payment/payment-details/:id 404" time="0.034">
    </testcase>
    <testcase classname="GET /api/payment/payment-details/:id 200" name="GET /api/payment/payment-details/:id 200" time="0.043">
    </testcase>
    <testcase classname="GET /api/payment/payment-details/:id 500" name="GET /api/payment/payment-details/:id 500" time="0.038">
    </testcase>
  </testsuite>
  <testsuite name="DELETE /api/cartItem/cart-items/:id" errors="0" failures="0" skipped="0" timestamp="2024-11-28T09:40:24" time="4.672" tests="3">
    <testcase classname="DELETE /api/cartItem/cart-items/:id 404" name="DELETE /api/cartItem/cart-items/:id 404" time="0.032">
    </testcase>
    <testcase classname="DELETE /api/cartItem/cart-items/:id 500" name="DELETE /api/cartItem/cart-items/:id 500" time="0.033">
    </testcase>
    <testcase classname="DELETE /api/cartItem/cart-items/:id 204" name="DELETE /api/cartItem/cart-items/:id 204" time="0.04">
    </testcase>
  </testsuite>
  <testsuite name="GET /api/payment/payment-details" errors="0" failures="0" skipped="0" timestamp="2024-11-28T09:40:25" time="4.163" tests="2">
    <testcase classname="GET /api/payment/payment-details 200" name="GET /api/payment/payment-details 200" time="0.036">
    </testcase>
    <testcase classname="GET /api/payment/payment-details 500" name="GET /api/payment/payment-details 500" time="0.021">
    </testcase>
  </testsuite>
  <testsuite name="GET /api/review/:id" errors="0" failures="0" skipped="0" timestamp="2024-11-28T09:40:25" time="4.414" tests="3">
    <testcase classname="GET /api/review/:id 404" name="GET /api/review/:id 404" time="0.01">
    </testcase>
    <testcase classname="GET /api/review/:id 200" name="GET /api/review/:id 200" time="0.005">
    </testcase>
    <testcase classname="GET /api/review/:id 500" name="GET /api/review/:id 500" time="0.011">
    </testcase>
  </testsuite>
  <testsuite name="GET /api/review" errors="0" failures="0" skipped="0" timestamp="2024-11-28T09:40:26" time="3.822" tests="2">
    <testcase classname="GET /api/review 200" name="GET /api/review 200" time="0.01">
    </testcase>
    <testcase classname="GET /api/review 500" name="GET /api/review 500" time="0.008">
    </testcase>
  </testsuite>
</testsuites>