<?xml version="1.0" encoding="UTF-8"?>
<testsuites name="jest tests" tests="19" failures="0" errors="0" time="3.105">
  <testsuite name="DELETE /api/article/:id" errors="0" failures="0" skipped="0" timestamp="2024-09-23T20:16:07" time="2.437" tests="6">
    <testcase classname="DELETE /api/article/:id deleteById - 404" name="DELETE /api/article/:id deleteById - 404" time="0.044">
    </testcase>
    <testcase classname="DELETE /api/article/:id deleteById - 403" name="DELETE /api/article/:id deleteById - 403" time="0.008">
    </testcase>
    <testcase classname="DELETE /api/article/:id deleteById - 200" name="DELETE /api/article/:id deleteById - 200" time="0.014">
    </testcase>
    <testcase classname="DELETE /api/article/:id deleteById - 404" name="DELETE /api/article/:id deleteById - 404" time="0.007">
    </testcase>
    <testcase classname="DELETE /api/article/:id deleteById - 500" name="DELETE /api/article/:id deleteById - 500" time="0.007">
    </testcase>
    <testcase classname="DELETE /api/article/:id deleteById - 501" name="DELETE /api/article/:id deleteById - 501" time="0.004">
    </testcase>
  </testsuite>
  <testsuite name="POST /api/article" errors="0" failures="0" skipped="0" timestamp="2024-09-23T20:16:07" time="2.557" tests="4">
    <testcase classname="POST /api/article 201 " name="POST /api/article 201 " time="0.053">
    </testcase>
    <testcase classname="POST /api/article 404 " name="POST /api/article 404 " time="0.009">
    </testcase>
    <testcase classname="POST /api/article  404" name="POST /api/article  404" time="0.012">
    </testcase>
    <testcase classname="POST /api/article 500" name="POST /api/article 500" time="0.014">
    </testcase>
  </testsuite>
  <testsuite name="PUT /api/article/:id" errors="0" failures="0" skipped="0" timestamp="2024-09-23T20:16:07" time="2.818" tests="4">
    <testcase classname="PUT /api/article/:id 200 " name="PUT /api/article/:id 200 " time="0.037">
    </testcase>
    <testcase classname="PUT /api/article/:id 404 " name="PUT /api/article/:id 404 " time="0.009">
    </testcase>
    <testcase classname="PUT /api/article/:id 403 " name="PUT /api/article/:id 403 " time="0.006">
    </testcase>
    <testcase classname="PUT /api/article/:id 500 " name="PUT /api/article/:id 500 " time="0.007">
    </testcase>
  </testsuite>
  <testsuite name="GET /api/article/:id" errors="0" failures="0" skipped="0" timestamp="2024-09-23T20:16:07" time="2.844" tests="5">
    <testcase classname="GET /api/article/:id getById - 200" name="GET /api/article/:id getById - 200" time="0.056">
    </testcase>
    <testcase classname="GET /api/article/:id getById - 404" name="GET /api/article/:id getById - 404" time="0.009">
    </testcase>
    <testcase classname="GET /api/article/:id getById - 500" name="GET /api/article/:id getById - 500" time="0.009">
    </testcase>
    <testcase classname="GET /api/article/ findAll - 200" name="GET /api/article/ findAll - 200" time="0.005">
    </testcase>
    <testcase classname="GET /api/article/ findAll - 500" name="GET /api/article/ findAll - 500" time="0.004">
    </testcase>
  </testsuite>
</testsuites>