<?xml version="1.0" encoding="UTF-8"?>
<testsuites name="jest tests" tests="2" failures="0" errors="0" time="2.505">
  <testsuite name="GET /api/article/:id" errors="0" failures="0" skipped="0" timestamp="2024-09-20T21:25:43" time="2.456" tests="2">
    <testcase classname="GET /api/article/:id devrait retourner l&apos;article avec l&apos;ID donné" name="GET /api/article/:id devrait retourner l&apos;article avec l&apos;ID donné" time="0.102">
    </testcase>
    <testcase classname="GET /api/article/:id devrait retourner une erreur 404 si l&apos;article n&apos;est pas trouvé" name="GET /api/article/:id devrait retourner une erreur 404 si l&apos;article n&apos;est pas trouvé" time="0.016">
    </testcase>
  </testsuite>
</testsuites>